<?xml version="1.0" encoding="UTF-8"?>
<!-- Generated by org.testng.reporters.JUnitXMLReporter -->
<testsuite ignored="0" hostname="DESKTOP-0PTUKSN" failures="0" tests="5" name="Default test" time="7.514" errors="0" timestamp="2022-07-13T13:44:57 IST">
  <testcase classname="testCases.Tc_VideoGameAPI" name="test_getAllVideoGames" time="4.39"/>
  <testcase classname="testCases.Tc_VideoGameAPI" name="test_addNewVideoGame" time="2.42"/>
  <testcase classname="testCases.Tc_VideoGameAPI" name="test_getVideoGame" time="0.311"/>
  <testcase classname="testCases.Tc_VideoGameAPI" name="test_updateVideoGame" time="0.144"/>
  <testcase classname="testCases.Tc_VideoGameAPI" name="test_deleteVideoGame" time="0.098"/>
</testsuite> <!-- Default test -->
