<?xml version="1.0" encoding="UTF-8"?>
<testng-results ignored="0" total="5" passed="5" failed="0" skipped="0">
  <reporter-output>
  </reporter-output>
  <suite started-at="2022-07-13T13:44:49 IST" name="Default suite" finished-at="2022-07-13T13:44:57 IST" duration-ms="7514">
    <groups>
    </groups>
    <test started-at="2022-07-13T13:44:49 IST" name="Default test" finished-at="2022-07-13T13:44:57 IST" duration-ms="7514">
      <class name="testCases.Tc_VideoGameAPI">
        <test-method signature="test_getAllVideoGames()[pri:1, instance:testCases.Tc_VideoGameAPI@2ed2d9cb]" started-at="2022-07-13T13:44:49 IST" name="test_getAllVideoGames" finished-at="2022-07-13T13:44:54 IST" duration-ms="4390" status="PASS">
          <reporter-output>
          </reporter-output>
        </test-method> <!-- test_getAllVideoGames -->
        <test-method signature="test_addNewVideoGame()[pri:2, instance:testCases.Tc_VideoGameAPI@2ed2d9cb]" started-at="2022-07-13T13:44:54 IST" name="test_addNewVideoGame" finished-at="2022-07-13T13:44:56 IST" duration-ms="2420" status="PASS">
          <reporter-output>
          </reporter-output>
        </test-method> <!-- test_addNewVideoGame -->
        <test-method signature="test_getVideoGame()[pri:3, instance:testCases.Tc_VideoGameAPI@2ed2d9cb]" started-at="2022-07-13T13:44:56 IST" name="test_getVideoGame" finished-at="2022-07-13T13:44:56 IST" duration-ms="311" status="PASS">
          <reporter-output>
          </reporter-output>
        </test-method> <!-- test_getVideoGame -->
        <test-method signature="test_updateVideoGame()[pri:4, instance:testCases.Tc_VideoGameAPI@2ed2d9cb]" started-at="2022-07-13T13:44:56 IST" name="test_updateVideoGame" finished-at="2022-07-13T13:44:57 IST" duration-ms="144" status="PASS">
          <reporter-output>
          </reporter-output>
        </test-method> <!-- test_updateVideoGame -->
        <test-method signature="test_deleteVideoGame()[pri:5, instance:testCases.Tc_VideoGameAPI@2ed2d9cb]" started-at="2022-07-13T13:44:57 IST" name="test_deleteVideoGame" finished-at="2022-07-13T13:44:57 IST" duration-ms="98" status="PASS">
          <reporter-output>
          </reporter-output>
        </test-method> <!-- test_deleteVideoGame -->
      </class> <!-- testCases.Tc_VideoGameAPI -->
    </test> <!-- Default test -->
  </suite> <!-- Default suite -->
</testng-results>
